<?xml version="1.0" encoding="UTF-8"?>
<!-- Generated by org.testng.reporters.JUnitReportReporter -->
<testsuite hostname="PREDATOR" failures="0" tests="3" name="org.LetsShop.test.DataProviderExample" time="0.021" errors="0" timestamp="2024-02-18T19:18:52 IST" skipped="0">
  <testcase classname="org.LetsShop.test.DataProviderExample" name="loginTest" time="0.002"/>
  <testcase classname="org.LetsShop.test.DataProviderExample" name="loginTest" time="0.001"/>
  <testcase classname="org.LetsShop.test.DataProviderExample" name="loginTest" time="0.018"/>
</testsuite> <!-- org.LetsShop.test.DataProviderExample -->
