<?xml version="1.0" encoding="UTF-8"?>
<!-- Generated by org.testng.reporters.JUnitReportReporter -->
<testsuite hostname="PREDATOR" failures="0" tests="1" name="cucumber.TestNGTestRunner" time="5.819" errors="0" timestamp="2025-07-28T22:53:38 IST" skipped="0">
  <testcase classname="cucumber.TestNGTestRunner" name="runScenario" time="5.819"/>
  <system-out/>
</testsuite> <!-- cucumber.TestNGTestRunner -->
