<?xml version="1.0" encoding="UTF-8"?>
<!-- Generated by org.testng.reporters.JUnitReportReporter -->
<testsuite hostname="PREDATOR" failures="0" tests="4" name="org.LetsShop.test.SubmitOrderTest" time="27.734" errors="0" timestamp="2025-07-28T22:57:30 IST" skipped="0">
  <testcase classname="org.LetsShop.test.SubmitOrderTest" name="submitOrder" time="6.454"/>
  <system-out/>
  <testcase classname="org.LetsShop.test.SubmitOrderTest" name="OrderHistoryTest" time="5.446"/>
  <system-out/>
  <testcase classname="org.LetsShop.test.SubmitOrderTest" name="OrderHistoryTest" time="8.811"/>
  <system-out/>
  <testcase classname="org.LetsShop.test.SubmitOrderTest" name="submitOrder" time="7.023"/>
  <system-out/>
</testsuite> <!-- org.LetsShop.test.SubmitOrderTest -->
